юни 20, 2025 11:56:43 СЛ.ОБ. bg.sofia.uni.fmi.mjt.server.FoodAnalyzerServer configureServer
INFO: Server started and listening on port 52525
юни 21, 2025 12:02:49 ПР.ОБ. bg.sofia.uni.fmi.mjt.server.FoodAnalyzerServer start
WARNING: Error while processing client request.
java.net.SocketException: Connection reset
	at java.base/sun.nio.ch.SocketChannelImpl.throwConnectionReset(SocketChannelImpl.java:403)
	at java.base/sun.nio.ch.SocketChannelImpl.implRead(SocketChannelImpl.java:435)
	at java.base/sun.nio.ch.SocketChannelImpl.read(SocketChannelImpl.java:493)
	at bg.sofia.uni.fmi.mjt.server.FoodAnalyzerServer.getClientInput(FoodAnalyzerServer.java:177)
	at bg.sofia.uni.fmi.mjt.server.FoodAnalyzerServer.processRequest(FoodAnalyzerServer.java:149)
	at bg.sofia.uni.fmi.mjt.server.FoodAnalyzerServer.start(FoodAnalyzerServer.java:97)
	at Main.main(Main.java:38)

юни 24, 2025 12:52:23 ПР.ОБ. bg.sofia.uni.fmi.mjt.server.FoodAnalyzerServer configureServer
INFO: Server started and listening on port 52525
юни 24, 2025 12:58:25 ПР.ОБ. bg.sofia.uni.fmi.mjt.server.FoodAnalyzerServer processInput
INFO: Client has disconnected.
юни 24, 2025 3:34:48 СЛ.ОБ. bg.sofia.uni.fmi.mjt.server.FoodAnalyzerServer configureServer
INFO: Server started and listening on port 52525
юни 24, 2025 3:39:24 СЛ.ОБ. bg.sofia.uni.fmi.mjt.server.FoodAnalyzerServer processInput
INFO: Client has disconnected.
юни 24, 2025 3:39:28 СЛ.ОБ. bg.sofia.uni.fmi.mjt.server.FoodAnalyzerServer processInput
INFO: Client has disconnected.
юни 24, 2025 3:41:19 СЛ.ОБ. bg.sofia.uni.fmi.mjt.server.FoodAnalyzerServer configureServer
INFO: Server started and listening on port 52525
юни 24, 2025 3:42:27 СЛ.ОБ. bg.sofia.uni.fmi.mjt.server.FoodAnalyzerServer configureServer
INFO: Server started and listening on port 52525
юни 24, 2025 10:02:43 СЛ.ОБ. bg.sofia.uni.fmi.mjt.server.FoodAnalyzerServer configureServer
INFO: Server started and listening on port 52525
юни 24, 2025 10:02:57 СЛ.ОБ. bg.sofia.uni.fmi.mjt.server.FoodAnalyzerServer configureServer
INFO: Server started and listening on port 52525
